# JRE version: OpenJDK Runtime Environment (17.0.11) (build 17.0.11+0--11852314)
# Java VM: OpenJDK 64-Bit Server VM (17.0.11+0--11852314, mixed mode, tiered, compressed oops, compressed class ptrs, g1 gc, windows-amd64)
GC Precious Log:
 CPUs: 4 total, 4 available
 Memory: 8001M
 Large Page Support: Disabled
 NUMA Support: Disabled
 Compressed Oops: Enabled (32-bit)
 Heap Region Size: 1M
 Heap Min Capacity: 8M
 Heap Initial Capacity: 126M
 Heap Max Capacity: 2002M
 Pre-touch: Disabled
 Parallel Workers: 4
 Concurrent Workers: 1
 Concurrent Refinement Workers: 4
 Periodic GC: Disabled
Heap:
 garbage-first heap   total 86016K, used 42613K [0x0000000082e00000, 0x0000000100000000)
  region size 1024K, 3 young (3072K), 3 survivors (3072K)
 Metaspace       used 53221K, committed 53504K, reserved 1114112K
  class space    used 6323K, committed 6464K, reserved 1048576K
GC Heap History (20 events):
Event: 4.653 GC heap after
{Heap after GC invocations=5 (full 0):
 garbage-first heap   total 49152K, used 21455K [0x0000000082e00000, 0x0000000100000000)
  region size 1024K, 4 young (4096K), 4 survivors (4096K)
 Metaspace       used 27758K, committed 28032K, reserved 1114112K
  class space    used 3082K, committed 3200K, reserved 1048576K
}
Event: 5.711 GC heap before
{Heap before GC invocations=5 (full 0):
 garbage-first heap   total 49152K, used 31695K [0x0000000082e00000, 0x0000000100000000)
  region size 1024K, 15 young (15360K), 4 survivors (4096K)
 Metaspace       used 31196K, committed 31424K, reserved 1114112K
  class space    used 3599K, committed 3712K, reserved 1048576K
}
Event: 5.720 GC heap after
{Heap after GC invocations=6 (full 0):
 garbage-first heap   total 49152K, used 22605K [0x0000000082e00000, 0x0000000100000000)
  region size 1024K, 1 young (1024K), 1 survivors (1024K)
 Metaspace       used 31196K, committed 31424K, reserved 1114112K
  class space    used 3599K, committed 3712K, reserved 1048576K
}
Event: 6.728 GC heap before
{Heap before GC invocations=6 (full 0):
 garbage-first heap   total 49152K, used 32845K [0x0000000082e00000, 0x0000000100000000)
  region size 1024K, 12 young (12288K), 1 survivors (1024K)
 Metaspace       used 33292K, committed 33536K, reserved 1114112K
  class space    used 4067K, committed 4160K, reserved 1048576K
}
Event: 6.736 GC heap after
{Heap after GC invocations=7 (full 0):
 garbage-first heap   total 49152K, used 25365K [0x0000000082e00000, 0x0000000100000000)
  region size 1024K, 2 young (2048K), 2 survivors (2048K)
 Metaspace       used 33292K, committed 33536K, reserved 1114112K
  class space    used 4067K, committed 4160K, reserved 1048576K
}
Event: 7.512 GC heap before
{Heap before GC invocations=8 (full 0):
 garbage-first heap   total 49152K, used 32533K [0x0000000082e00000, 0x0000000100000000)
  region size 1024K, 11 young (11264K), 2 survivors (2048K)
 Metaspace       used 33391K, committed 33664K, reserved 1114112K
  class space    used 4067K, committed 4160K, reserved 1048576K
}
Event: 7.521 GC heap after
{Heap after GC invocations=9 (full 0):
 garbage-first heap   total 49152K, used 26861K [0x0000000082e00000, 0x0000000100000000)
  region size 1024K, 2 young (2048K), 2 survivors (2048K)
 Metaspace       used 33391K, committed 33664K, reserved 1114112K
  class space    used 4067K, committed 4160K, reserved 1048576K
}
Event: 7.541 GC heap before
{Heap before GC invocations=9 (full 0):
 garbage-first heap   total 49152K, used 29933K [0x0000000082e00000, 0x0000000100000000)
  region size 1024K, 3 young (3072K), 2 survivors (2048K)
 Metaspace       used 33391K, committed 33664K, reserved 1114112K
  class space    used 4067K, committed 4160K, reserved 1048576K
}
Event: 7.547 GC heap after
{Heap after GC invocations=10 (full 0):
 garbage-first heap   total 49152K, used 26819K [0x0000000082e00000, 0x0000000100000000)
  region size 1024K, 1 young (1024K), 1 survivors (1024K)
 Metaspace       used 33391K, committed 33664K, reserved 1114112K
  class space    used 4067K, committed 4160K, reserved 1048576K
}
Event: 7.626 GC heap before
{Heap before GC invocations=10 (full 0):
 garbage-first heap   total 49152K, used 32963K [0x0000000082e00000, 0x0000000100000000)
  region size 1024K, 8 young (8192K), 1 survivors (1024K)
 Metaspace       used 33564K, committed 33792K, reserved 1114112K
  class space    used 4093K, committed 4224K, reserved 1048576K
}
Event: 7.634 GC heap after
{Heap after GC invocations=11 (full 0):
 garbage-first heap   total 86016K, used 29009K [0x0000000082e00000, 0x0000000100000000)
  region size 1024K, 1 young (1024K), 1 survivors (1024K)
 Metaspace       used 33564K, committed 33792K, reserved 1114112K
  class space    used 4093K, committed 4224K, reserved 1048576K
}
Event: 8.726 GC heap before
{Heap before GC invocations=12 (full 0):
 garbage-first heap   total 86016K, used 56657K [0x0000000082e00000, 0x0000000100000000)
  region size 1024K, 28 young (28672K), 1 survivors (1024K)
 Metaspace       used 38821K, committed 39104K, reserved 1114112K
  class space    used 4865K, committed 4992K, reserved 1048576K
}
Event: 8.738 GC heap after
{Heap after GC invocations=13 (full 0):
 garbage-first heap   total 86016K, used 30239K [0x0000000082e00000, 0x0000000100000000)
  region size 1024K, 4 young (4096K), 4 survivors (4096K)
 Metaspace       used 38821K, committed 39104K, reserved 1114112K
  class space    used 4865K, committed 4992K, reserved 1048576K
}
Event: 10.254 GC heap before
{Heap before GC invocations=13 (full 0):
 garbage-first heap   total 86016K, used 57887K [0x0000000082e00000, 0x0000000100000000)
  region size 1024K, 31 young (31744K), 4 survivors (4096K)
 Metaspace       used 44269K, committed 44608K, reserved 1114112K
  class space    used 5363K, committed 5504K, reserved 1048576K
}
Event: 10.271 GC heap after
{Heap after GC invocations=14 (full 0):
 garbage-first heap   total 86016K, used 33022K [0x0000000082e00000, 0x0000000100000000)
  region size 1024K, 4 young (4096K), 4 survivors (4096K)
 Metaspace       used 44269K, committed 44608K, reserved 1114112K
  class space    used 5363K, committed 5504K, reserved 1048576K
}
Event: 11.455 GC heap before
{Heap before GC invocations=14 (full 0):
 garbage-first heap   total 86016K, used 61694K [0x0000000082e00000, 0x0000000100000000)
  region size 1024K, 30 young (30720K), 4 survivors (4096K)
 Metaspace       used 50287K, committed 50624K, reserved 1114112K
  class space    used 6043K, committed 6208K, reserved 1048576K
}
Event: 11.468 GC heap after
{Heap after GC invocations=15 (full 0):
 garbage-first heap   total 86016K, used 37661K [0x0000000082e00000, 0x0000000100000000)
  region size 1024K, 3 young (3072K), 3 survivors (3072K)
 Metaspace       used 50287K, committed 50624K, reserved 1114112K
  class space    used 6043K, committed 6208K, reserved 1048576K
}
Event: 12.062 GC heap before
{Heap before GC invocations=15 (full 0):
 garbage-first heap   total 86016K, used 64285K [0x0000000082e00000, 0x0000000100000000)
  region size 1024K, 28 young (28672K), 3 survivors (3072K)
 Metaspace       used 50899K, committed 51136K, reserved 1114112K
  class space    used 6086K, committed 6208K, reserved 1048576K
}
Event: 12.078 GC heap after
{Heap after GC invocations=16 (full 0):
 garbage-first heap   total 86016K, used 40618K [0x0000000082e00000, 0x0000000100000000)
  region size 1024K, 3 young (3072K), 3 survivors (3072K)
 Metaspace       used 50899K, committed 51136K, reserved 1114112K
  class space    used 6086K, committed 6208K, reserved 1048576K
}
Event: 12.757 GC heap before
{Heap before GC invocations=16 (full 0):
 garbage-first heap   total 86016K, used 63146K [0x0000000082e00000, 0x0000000100000000)
  region size 1024K, 26 young (26624K), 3 survivors (3072K)
 Metaspace       used 53221K, committed 53504K, reserved 1114112K
  class space    used 6323K, committed 6464K, reserved 1048576K
}

