# JRE version: OpenJDK Runtime Environment (17.0.11) (build 17.0.11+0--11852314)
# Java VM: OpenJDK 64-Bit Server VM (17.0.11+0--11852314, mixed mode, tiered, compressed oops, compressed class ptrs, g1 gc, windows-amd64)
GC Precious Log:
 CPUs: 4 total, 4 available
 Memory: 8001M
 Large Page Support: Disabled
 NUMA Support: Disabled
 Compressed Oops: Enabled (32-bit)
 Heap Region Size: 1M
 Heap Min Capacity: 8M
 Heap Initial Capacity: 126M
 Heap Max Capacity: 2002M
 Pre-touch: Disabled
 Parallel Workers: 4
 Concurrent Workers: 1
 Concurrent Refinement Workers: 4
 Periodic GC: Disabled
Heap:
 garbage-first heap   total 129024K, used 68226K [0x0000000082e00000, 0x0000000100000000)
  region size 1024K, 1 young (1024K), 1 survivors (1024K)
 Metaspace       used 64807K, committed 65152K, reserved 1114112K
  class space    used 7547K, committed 7680K, reserved 1048576K
GC Heap History (20 events):
Event: 12.025 GC heap after
{Heap after GC invocations=16 (full 0):
 garbage-first heap   total 91136K, used 42450K [0x0000000082e00000, 0x0000000100000000)
  region size 1024K, 4 young (4096K), 4 survivors (4096K)
 Metaspace       used 53998K, committed 54272K, reserved 1114112K
  class space    used 6472K, committed 6592K, reserved 1048576K
}
Event: 12.811 GC heap before
{Heap before GC invocations=16 (full 0):
 garbage-first heap   total 91136K, used 68050K [0x0000000082e00000, 0x0000000100000000)
  region size 1024K, 29 young (29696K), 4 survivors (4096K)
 Metaspace       used 55713K, committed 56000K, reserved 1114112K
  class space    used 6656K, committed 6784K, reserved 1048576K
}
Event: 12.829 GC heap after
{Heap after GC invocations=17 (full 0):
 garbage-first heap   total 91136K, used 45471K [0x0000000082e00000, 0x0000000100000000)
  region size 1024K, 3 young (3072K), 3 survivors (3072K)
 Metaspace       used 55713K, committed 56000K, reserved 1114112K
  class space    used 6656K, committed 6784K, reserved 1048576K
}
Event: 13.334 GC heap before
{Heap before GC invocations=17 (full 0):
 garbage-first heap   total 91136K, used 55711K [0x0000000082e00000, 0x0000000100000000)
  region size 1024K, 14 young (14336K), 3 survivors (3072K)
 Metaspace       used 56641K, committed 56896K, reserved 1114112K
  class space    used 6731K, committed 6848K, reserved 1048576K
}
Event: 13.349 GC heap after
{Heap after GC invocations=18 (full 0):
 garbage-first heap   total 91136K, used 47542K [0x0000000082e00000, 0x0000000100000000)
  region size 1024K, 3 young (3072K), 3 survivors (3072K)
 Metaspace       used 56641K, committed 56896K, reserved 1114112K
  class space    used 6731K, committed 6848K, reserved 1048576K
}
Event: 14.755 GC heap before
{Heap before GC invocations=19 (full 0):
 garbage-first heap   total 91136K, used 70070K [0x0000000082e00000, 0x0000000100000000)
  region size 1024K, 25 young (25600K), 3 survivors (3072K)
 Metaspace       used 59410K, committed 59712K, reserved 1114112K
  class space    used 7037K, committed 7168K, reserved 1048576K
}
Event: 14.773 GC heap after
{Heap after GC invocations=20 (full 0):
 garbage-first heap   total 91136K, used 51200K [0x0000000082e00000, 0x0000000100000000)
  region size 1024K, 4 young (4096K), 4 survivors (4096K)
 Metaspace       used 59410K, committed 59712K, reserved 1114112K
  class space    used 7037K, committed 7168K, reserved 1048576K
}
Event: 14.800 GC heap before
{Heap before GC invocations=20 (full 0):
 garbage-first heap   total 91136K, used 52224K [0x0000000082e00000, 0x0000000100000000)
  region size 1024K, 5 young (5120K), 4 survivors (4096K)
 Metaspace       used 59415K, committed 59712K, reserved 1114112K
  class space    used 7037K, committed 7168K, reserved 1048576K
}
Event: 14.815 GC heap after
{Heap after GC invocations=21 (full 0):
 garbage-first heap   total 109568K, used 51390K [0x0000000082e00000, 0x0000000100000000)
  region size 1024K, 1 young (1024K), 1 survivors (1024K)
 Metaspace       used 59415K, committed 59712K, reserved 1114112K
  class space    used 7037K, committed 7168K, reserved 1048576K
}
Event: 16.785 GC heap before
{Heap before GC invocations=21 (full 0):
 garbage-first heap   total 109568K, used 85182K [0x0000000082e00000, 0x0000000100000000)
  region size 1024K, 34 young (34816K), 1 survivors (1024K)
 Metaspace       used 60104K, committed 60416K, reserved 1114112K
  class space    used 7101K, committed 7232K, reserved 1048576K
}
Event: 16.802 GC heap after
{Heap after GC invocations=22 (full 0):
 garbage-first heap   total 109568K, used 56320K [0x0000000082e00000, 0x0000000100000000)
  region size 1024K, 5 young (5120K), 5 survivors (5120K)
 Metaspace       used 60104K, committed 60416K, reserved 1114112K
  class space    used 7101K, committed 7232K, reserved 1048576K
}
Event: 18.295 GC heap before
{Heap before GC invocations=23 (full 0):
 garbage-first heap   total 109568K, used 84992K [0x0000000082e00000, 0x0000000100000000)
  region size 1024K, 33 young (33792K), 5 survivors (5120K)
 Metaspace       used 62546K, committed 62784K, reserved 1114112K
  class space    used 7381K, committed 7488K, reserved 1048576K
}
Event: 18.316 GC heap after
{Heap after GC invocations=24 (full 0):
 garbage-first heap   total 109568K, used 61237K [0x0000000082e00000, 0x0000000100000000)
  region size 1024K, 5 young (5120K), 5 survivors (5120K)
 Metaspace       used 62546K, committed 62784K, reserved 1114112K
  class space    used 7381K, committed 7488K, reserved 1048576K
}
Event: 18.321 GC heap before
{Heap before GC invocations=24 (full 0):
 garbage-first heap   total 109568K, used 62261K [0x0000000082e00000, 0x0000000100000000)
  region size 1024K, 6 young (6144K), 5 survivors (5120K)
 Metaspace       used 62548K, committed 62784K, reserved 1114112K
  class space    used 7381K, committed 7488K, reserved 1048576K
}
Event: 18.334 GC heap after
{Heap after GC invocations=25 (full 0):
 garbage-first heap   total 109568K, used 61689K [0x0000000082e00000, 0x0000000100000000)
  region size 1024K, 1 young (1024K), 1 survivors (1024K)
 Metaspace       used 62548K, committed 62784K, reserved 1114112K
  class space    used 7381K, committed 7488K, reserved 1048576K
}
Event: 19.404 GC heap before
{Heap before GC invocations=25 (full 0):
 garbage-first heap   total 109568K, used 86265K [0x0000000082e00000, 0x0000000100000000)
  region size 1024K, 25 young (25600K), 1 survivors (1024K)
 Metaspace       used 63779K, committed 64128K, reserved 1114112K
  class space    used 7477K, committed 7616K, reserved 1048576K
}
Event: 19.419 GC heap after
{Heap after GC invocations=26 (full 0):
 garbage-first heap   total 109568K, used 64916K [0x0000000082e00000, 0x0000000100000000)
  region size 1024K, 4 young (4096K), 4 survivors (4096K)
 Metaspace       used 63779K, committed 64128K, reserved 1114112K
  class space    used 7477K, committed 7616K, reserved 1048576K
}
Event: 20.356 GC heap before
{Heap before GC invocations=27 (full 0):
 garbage-first heap   total 117760K, used 86420K [0x0000000082e00000, 0x0000000100000000)
  region size 1024K, 25 young (25600K), 4 survivors (4096K)
 Metaspace       used 64796K, committed 65088K, reserved 1114112K
  class space    used 7547K, committed 7680K, reserved 1048576K
}
Event: 20.373 GC heap after
{Heap after GC invocations=28 (full 0):
 garbage-first heap   total 117760K, used 68558K [0x0000000082e00000, 0x0000000100000000)
  region size 1024K, 4 young (4096K), 4 survivors (4096K)
 Metaspace       used 64796K, committed 65088K, reserved 1114112K
  class space    used 7547K, committed 7680K, reserved 1048576K
}
Event: 20.394 GC heap before
{Heap before GC invocations=28 (full 0):
 garbage-first heap   total 117760K, used 69582K [0x0000000082e00000, 0x0000000100000000)
  region size 1024K, 5 young (5120K), 4 survivors (4096K)
 Metaspace       used 64807K, committed 65152K, reserved 1114112K
  class space    used 7547K, committed 7680K, reserved 1048576K
}

